<?xml version="1.0" encoding="UTF-8"?>
<testng-results skipped="0" failed="0" total="1" passed="1">
  <reporter-output>
  </reporter-output>
  <suite name="Default suite" duration-ms="24223" started-at="2017-11-17T08:08:30Z" finished-at="2017-11-17T08:08:54Z">
    <groups>
    </groups>
    <test name="Default test" duration-ms="24223" started-at="2017-11-17T08:08:30Z" finished-at="2017-11-17T08:08:54Z">
      <class name="sel.per">
        <test-method status="PASS" signature="start()[pri:0, instance:sel.per@5c7fa833]" name="start" duration-ms="24208" started-at="2017-11-17T13:38:30Z" finished-at="2017-11-17T13:38:54Z">
          <reporter-output>
          </reporter-output>
        </test-method> <!-- start -->
      </class> <!-- sel.per -->
    </test> <!-- Default test -->
  </suite> <!-- Default suite -->
</testng-results>
